\BOOKMARK [1][-]{section.1}{\376\377\200\314\146\157\116\313\176\315}{}% 1
\BOOKMARK [1][-]{section.2}{\376\377\170\024\172\166\163\260\162\266}{}% 2
\BOOKMARK [2][-]{subsection.2.1}{\376\377\166\370\121\163\151\202\137\365}{section.2}% 3
\BOOKMARK [3][-]{subsubsection.2.1.1}{\376\377\133\232\116\111}{subsection.2.1}% 4
\BOOKMARK [3][-]{subsubsection.2.1.2}{\376\377\200\124\220\246\133\146\116\140\166\204\122\006\174\173}{subsection.2.1}% 5
\BOOKMARK [3][-]{subsubsection.2.1.3}{\376\377\200\124\220\246\133\146\116\140\116\055\152\041\127\213\166\204\165\037\124\175\124\150\147\037}{subsection.2.1}% 6
\BOOKMARK [3][-]{subsubsection.2.1.4}{\376\377\121\170\127\213\166\204\200\124\220\246\213\255\176\303\217\307\172\013}{subsection.2.1}% 7
\BOOKMARK [2][-]{subsection.2.2}{\376\377\200\124\220\246\133\146\116\140\170\024\172\166}{section.2}% 8
\BOOKMARK [3][-]{subsubsection.2.2.1}{\376\377\000C\000r\000o\000s\000s\000-\000s\000o\000l\000i\200\124\220\246\133\146\116\140}{subsection.2.2}% 9
\BOOKMARK [3][-]{subsubsection.2.2.2}{\376\377\173\227\154\325\143\021\142\030}{subsection.2.2}% 10
\BOOKMARK [3][-]{subsubsection.2.2.3}{\376\377\133\236\226\105\143\021\142\030}{subsection.2.2}% 11
\BOOKMARK [1][-]{section.3}{\376\377\143\320\232\330\145\110\163\207\124\214\145\110\147\234}{}% 12
\BOOKMARK [2][-]{subsection.3.1}{\376\377\143\021\142\030\116\000\040\023\200\124\220\246\133\146\116\140\116\055\166\204\227\136\162\354\172\313\124\014\122\006\136\003\145\160\143\156}{section.3}% 13
\BOOKMARK [3][-]{subsubsection.3.1.1}{\376\377\211\343\121\263\000n\000o\000n\000-\000I\000I\000D\000\040\000D\000a\000t\000a\000\040\225\356\230\230\166\204\173\126\165\145}{subsection.3.1}% 14
\BOOKMARK [2][-]{subsection.3.2}{\376\377\200\124\220\246\133\146\116\140\166\204\117\030\123\026\173\227\154\325}{section.3}% 15
\BOOKMARK [3][-]{subsubsection.3.2.1}{\376\377\000\040\000I\000I\000D\145\160\143\156\226\306\166\204\117\030\123\026\173\227\154\325\124\214\145\066\145\133\220\037\136\246}{subsection.3.2}% 16
\BOOKMARK [1][-]{section.4}{\376\377\117\335\142\244\165\050\142\067\145\160\143\156\166\204\226\220\171\301}{}% 17
\BOOKMARK [2][-]{subsection.4.1}{\376\377\226\220\171\301\117\335\142\244\142\200\147\057}{section.4}% 18
\BOOKMARK [3][-]{subsubsection.4.1.1}{\376\377\133\211\121\150\131\032\145\271\213\241\173\227}{subsection.4.1}% 19
\BOOKMARK [3][-]{subsubsection.4.1.2}{\376\377\124\014\140\001\122\240\133\306}{subsection.4.1}% 20
\BOOKMARK [3][-]{subsubsection.4.1.3}{\376\377\135\356\122\006\226\220\171\301}{subsection.4.1}% 21
\BOOKMARK [1][-]{section.5}{\376\377\213\272\145\207\226\005\213\373\000-\000C\000P\000F\000e\000d\000:\000\040\000C\000o\000m\000m\000u\000n\000i\000c\000a\000t\000i\000o\000n\000-\000E\000f\000f\000i\000c\000i\000e\000n\000t\000\040\000a\000n\000d\000\040\000P\000r\000i\000v\000a\000c\000y\000-\000P\000r\000e\000s\000e\000r\000v\000i\000n\000g\000\040\000F\000e\000d\000e\000r\000a\000t\000e\000d\000\040\000L\000e\000a\000r\000n\000i\000n\000g}{}% 22
\BOOKMARK [2][-]{subsection.5.1}{\376\377\144\130\211\201}{section.5}% 23
\BOOKMARK [2][-]{subsection.5.2}{\376\377\200\314\146\157\116\313\176\315}{section.5}% 24
\BOOKMARK [3][-]{subsubsection.5.2.1}{\376\377\143\021\142\030}{subsection.5.2}% 25
\BOOKMARK [3][-]{subsubsection.5.2.2}{\376\377\135\356\137\002\226\220\171\301\000D\000P}{subsection.5.2}% 26
\BOOKMARK [2][-]{subsection.5.3}{\376\377\174\373\176\337\136\372\152\041}{section.5}% 27
\BOOKMARK [3][-]{subsubsection.5.3.1}{\376\377\200\124\220\246\133\146\116\140\174\373\176\337}{subsection.5.3}% 28
\BOOKMARK [3][-]{subsubsection.5.3.2}{\376\377\132\001\200\301}{subsection.5.3}% 29
\BOOKMARK [3][-]{subsubsection.5.3.3}{\376\377\166\356\150\007}{subsection.5.3}% 30
\BOOKMARK [2][-]{subsection.5.4}{\376\377\000C\000P\000F\000e\000d}{section.5}% 31
\BOOKMARK [3][-]{subsubsection.5.4.1}{\376\377\143\320\232\330\220\032\117\341\145\110\163\207\040\023\124\150\147\037\136\163\127\107}{subsection.5.4}% 32
\BOOKMARK [3][-]{subsubsection.5.4.2}{\376\377\226\062\153\142\226\220\171\301\154\304\227\062\040\023\000D\000P}{subsection.5.4}% 33
\BOOKMARK [3][-]{subsubsection.5.4.3}{\376\377\143\320\123\107\152\041\127\213\174\276\170\156\136\246\040\023\133\211\121\150\226\306\200\132}{subsection.5.4}% 34
\BOOKMARK [3][-]{subsubsection.5.4.4}{\376\377\000C\000P\000F\000e\000d\140\073\117\123\145\271\150\110}{subsection.5.4}% 35
\BOOKMARK [2][-]{subsection.5.5}{\376\377\226\220\171\301\122\006\147\220}{section.5}% 36
\BOOKMARK [3][-]{subsubsection.5.5.1}{\376\377\145\066\145\133\140\047\122\006\147\220}{subsection.5.5}% 37
\BOOKMARK [2][-]{subsection.5.6}{\376\377\133\236\232\214}{section.5}% 38
\BOOKMARK [1][-]{section.6}{\376\377\230\204\131\007\167\345\213\306}{}% 39
\BOOKMARK [2][-]{subsection.6.1}{\376\377\150\257\136\246\116\013\226\115}{section.6}% 40
\BOOKMARK [3][-]{subsubsection.6.1.1}{\376\377\226\217\147\072\150\257\136\246\116\013\226\115\000S\000t\000o\000c\000h\000a\000s\000t\000i\000c\000\040\000g\000r\000a\000d\000i\000e\000n\000t\000\040\000d\000e\000s\000c\000e\000n\000t}{subsection.6.1}% 41
\BOOKMARK [3][-]{subsubsection.6.1.2}{\376\377\000A\000D\000M\000M\000\040\116\244\146\377\124\021\221\317\116\130\133\120\154\325}{subsection.6.1}% 42
\BOOKMARK [3][-]{subsubsection.6.1.3}{\376\377\000d\000e\000c\000e\000n\000t\000r\000a\000l\000i\000z\000e\000d\000\040\000S\000G\000D\123\273\116\055\137\303\123\026\000\040\000S\000G\000D}{subsection.6.1}% 43
\BOOKMARK [2][-]{subsection.6.2}{\376\377\137\040\221\317\122\006\211\343}{section.6}% 44
\BOOKMARK [3][-]{subsubsection.6.2.1}{\376\377\000C\000P\122\006\211\343}{subsection.6.2}% 45
\BOOKMARK [3][-]{subsubsection.6.2.2}{\376\377\000T\000u\000c\000k\000e\000r\000\040\122\006\211\343\000\040}{subsection.6.2}% 46
\BOOKMARK [2][-]{subsection.6.3}{\376\377\000D\000a\000t\000a\000s\000e\000t\000\040\000s\000h\000i\000f\000t\000\040\145\160\143\156\226\306\120\117\171\373}{section.6}% 47
\BOOKMARK [3][-]{subsubsection.6.3.1}{\376\377\147\011\162\266\140\001\124\214\145\340\162\266\140\001}{subsection.6.3}% 48
\BOOKMARK [2][-]{subsection.6.4}{\376\377\157\300\155\073\121\375\145\160}{section.6}% 49
\BOOKMARK [3][-]{subsubsection.6.4.1}{\376\377\000S\000i\000g\000m\000o\000i\000d\127\213\121\375\145\160}{subsection.6.4}% 50
\BOOKMARK [3][-]{subsubsection.6.4.2}{\376\377\145\164\155\101\176\277\140\047\123\125\117\115\121\375\145\160\000\050\000R\000e\000c\000t\000i\000f\000i\000e\000d\000\040\000L\000i\000n\000e\000a\000r\000\040\000U\000n\000i\000t\000,\000\040\000R\000e\000L\000U\000\051}{subsection.6.4}% 51
\BOOKMARK [3][-]{subsubsection.6.4.3}{\376\377\000E\000n\000t\000r\000o\000p\000y\161\265}{subsection.6.4}% 52
\BOOKMARK [3][-]{subsubsection.6.4.4}{\376\377\000C\000r\000o\000s\000s\000\040\000E\000n\000t\000r\000o\000p\000y\116\244\123\311\161\265}{subsection.6.4}% 53
\BOOKMARK [2][-]{subsection.6.5}{\376\377\171\136\176\317\177\121\176\334}{section.6}% 54
\BOOKMARK [3][-]{subsubsection.6.5.1}{\376\377\141\037\167\345\126\150}{subsection.6.5}% 55
\BOOKMARK [3][-]{subsubsection.6.5.2}{\376\377\122\006\174\173\225\356\230\230\140\073\176\323}{subsection.6.5}% 56
\BOOKMARK [3][-]{subsubsection.6.5.3}{\376\377\145\160\143\156\226\306}{subsection.6.5}% 57
\BOOKMARK [2][-]{subsection.6.6}{\376\377\122\115\231\210\171\136\176\317\177\121\176\334}{section.6}% 58
\BOOKMARK [3][-]{subsubsection.6.6.1}{\376\377\123\315\124\021\117\040\144\255\173\227\154\325}{subsection.6.6}% 59
\BOOKMARK [3][-]{subsubsection.6.6.2}{\376\377\117\030\123\026\225\356\230\230}{subsection.6.6}% 60
\BOOKMARK [3][-]{subsubsection.6.6.3}{\376\377\220\032\165\050\217\321\117\074\133\232\164\006}{subsection.6.6}% 61
\BOOKMARK [2][-]{subsection.6.7}{\376\377\137\252\163\257\171\136\176\317\177\121\176\334}{section.6}% 62
\BOOKMARK [3][-]{subsubsection.6.7.1}{\376\377\173\200\123\125\137\252\163\257\177\121\176\334}{subsection.6.7}% 63
\BOOKMARK [3][-]{subsubsection.6.7.2}{\376\377\137\252\163\257\171\136\176\317\177\121\176\334\166\204\213\241\173\227\200\375\122\233}{subsection.6.7}% 64
\BOOKMARK [3][-]{subsubsection.6.7.3}{\376\377\173\200\116\313\133\236\163\260}{subsection.6.7}% 65
\BOOKMARK [2][-]{subsection.6.8}{\376\377\220\032\217\307\145\366\225\364\123\315\124\021\117\040\144\255}{section.6}% 66
\BOOKMARK [2][-]{subsection.6.9}{\376\377\213\355\212\000\152\041\127\213}{section.6}% 67
\BOOKMARK [2][-]{subsection.6.10}{\376\377\155\361\136\246\137\252\163\257\171\136\176\317\177\121\176\334}{section.6}% 68
\BOOKMARK [3][-]{subsubsection.6.10.1}{\376\377\000L\000S\000T\000M}{subsection.6.10}% 69
\BOOKMARK [3][-]{subsubsection.6.10.2}{\376\377\000L\000S\000T\000M\133\236\163\260}{subsection.6.10}% 70
\BOOKMARK [3][-]{subsubsection.6.10.3}{\376\377\000G\000R\000U}{subsection.6.10}% 71
\BOOKMARK [3][-]{subsubsection.6.10.4}{\376\377\145\071\217\333}{subsection.6.10}% 72
\BOOKMARK [2][-]{subsection.6.11}{\376\377\000A\000t\000t\000e\000n\000t\000i\000o\000n}{section.6}% 73
\BOOKMARK [2][-]{subsection.6.12}{\376\377\000T\000r\000a\000n\000s\000f\000o\000r\000m\000e\000r}{section.6}% 74
\BOOKMARK [3][-]{subsubsection.6.12.1}{\376\377\153\213\135\356\217\336\143\245}{subsection.6.12}% 75
\BOOKMARK [3][-]{subsubsection.6.12.2}{\376\377\147\072\126\150\177\373\213\321\174\373\176\337\173\200\116\313}{subsection.6.12}% 76
\BOOKMARK [2][-]{subsection.6.13}{\376\377\127\372\116\216\150\257\136\246\166\204\145\271\154\325\166\204\145\071\217\333}{section.6}% 77
\BOOKMARK [3][-]{subsubsection.6.13.1}{\376\377\122\250\221\317\154\325\000M\000o\000m\000e\000n\000t\000u\000m}{subsection.6.13}% 78
\BOOKMARK [3][-]{subsubsection.6.13.2}{\376\377\000A\000d\000a\000G\000r\000a\000d}{subsection.6.13}% 79
\BOOKMARK [3][-]{subsubsection.6.13.3}{\376\377\000R\000M\000S\000P\000r\000o\000p}{subsection.6.13}% 80
\BOOKMARK [3][-]{subsubsection.6.13.4}{\376\377\000A\000d\000a\000D\000e\000l\000t\000a}{subsection.6.13}% 81
\BOOKMARK [3][-]{subsubsection.6.13.5}{\376\377\000A\000d\000a\000m}{subsection.6.13}% 82
\BOOKMARK [2][-]{subsection.6.14}{\376\377\136\372\152\041}{section.6}% 83
\BOOKMARK [3][-]{subsubsection.6.14.1}{\376\377\000R\000N\000N\213\255\176\303}{subsection.6.14}% 84
\BOOKMARK [1][-]{section.7}{\376\377\126\376\120\317\131\004\164\006\133\236\215\365\040\024\000A\000L\000e\000x\000N\000e\000t\177\121\176\334}{}% 85
\BOOKMARK [2][-]{subsection.7.1}{\376\377\147\266\147\204}{section.7}% 86
\BOOKMARK [3][-]{subsubsection.7.1.1}{\376\377\000R\000e\000L\000u}{subsection.7.1}% 87
\BOOKMARK [3][-]{subsubsection.7.1.2}{\376\377\134\100\220\350\124\315\136\224\137\122\116\000\123\026}{subsection.7.1}% 88
\BOOKMARK [3][-]{subsubsection.7.1.3}{\376\377\221\315\123\340\154\140\123\026}{subsection.7.1}% 89
\BOOKMARK [3][-]{subsubsection.7.1.4}{\376\377\226\115\117\116\217\307\142\337\124\010}{subsection.7.1}% 90
\BOOKMARK [3][-]{subsubsection.7.1.5}{\376\377\220\020\134\102\137\122\116\000\123\026\377\010\000L\000a\000y\000e\000r\000-\000w\000i\000s\000e\000\040\000N\000o\000r\000m\000a\000l\000i\000z\000a\000t\000i\000o\000n\000\051}{subsection.7.1}% 91
\BOOKMARK [3][-]{subsubsection.7.1.6}{\376\377\000D\000r\000o\000p\000o\000u\000t}{subsection.7.1}% 92
\BOOKMARK [2][-]{subsection.7.2}{\376\377\133\236\163\260}{section.7}% 93
\BOOKMARK [3][-]{subsubsection.7.2.1}{\376\377\133\146\116\140\163\207\166\204\220\011\142\351}{subsection.7.2}% 94
\BOOKMARK [1][-]{section.8}{\376\377\200\124\220\246\133\146\116\140\133\236\215\365\040\023\000F\000A\000T\000E}{}% 95
\BOOKMARK [2][-]{subsection.8.1}{\376\377\000F\000A\000T\000E\147\266\147\204\123\312\133\211\210\305}{section.8}% 96
\BOOKMARK [2][-]{subsection.8.2}{\376\377\133\236\232\214\000-\122\051\165\050\000M\000I\000N\000S\000T\145\160\143\156\226\306\217\333\210\114\200\124\220\246\133\146\116\140\213\255\176\303\000-\137\205\120\132}{section.8}% 97
\BOOKMARK [1][-]{section.9}{\376\377\116\052\116\272\140\035\200\003}{}% 98
\BOOKMARK [2][-]{subsection.9.1}{\376\377\136\166\210\114\152\041\127\213}{section.9}% 99
\BOOKMARK [3][-]{subsubsection.9.1.1}{\376\377\000A\000l\000e\000x\000N\000e\000t\152\041\127\213\136\166\210\114}{subsection.9.1}% 100
\BOOKMARK [2][-]{subsection.9.2}{\376\377\137\205\211\343\121\263}{section.9}% 101
